STARTING MAKE OF meml_l.a LIBRARY for LINUX
Finished clean
STARTING MAKE OF meml_n.a LIBRARY for LINUX
Finished clean
STARTING MAKE OF meml_ld.a LIBRARY for LINUX
Finished clean
STARTING MAKE OF meml_nd.a LIBRARY for LINUX
Finished clean
STARTING MAKE OF mem_l.a LIBRARY for LINUX
Finished clean
STARTING MAKE OF mem_n.a LIBRARY for LINUX
Finished clean
STARTING MAKE OF mem_ld.a LIBRARY for LINUX
Finished clean
STARTING MAKE OF mem_nd.a LIBRARY for LINUX
Finished clean
STARTING MAKE OF smem_l.a LIBRARY for LINUX
Finished clean
STARTING MAKE OF smem_n.a LIBRARY for LINUX
Finished clean
STARTING MAKE OF smem_ld.a LIBRARY for LINUX
Finished clean
STARTING MAKE OF smem_nd.a LIBRARY for LINUX
Finished clean
STARTING MAKE OF slog_l.a LIBRARY for LINUX
Finished clean
STARTING MAKE OF slog_n.a LIBRARY for LINUX
Finished clean
STARTING MAKE OF slog_ld.a LIBRARY for LINUX
Finished clean
STARTING MAKE OF slog_nd.a LIBRARY for LINUX
Finished clean
STARTING MAKE OF asn1l_l.a LIBRARY for LINUX
Finished clean
STARTING MAKE OF asn1l_n.a LIBRARY for LINUX
Finished clean
STARTING MAKE OF asn1l_ld.a LIBRARY for LINUX
Finished clean
STARTING MAKE OF asn1l_nd.a LIBRARY for LINUX
Finished clean
STARTING MAKE OF mmsl_l.a LIBRARY for LINUX
Finished clean
STARTING MAKE OF mmsl_n.a LIBRARY for LINUX
Finished clean
STARTING MAKE OF mmsl_ld.a LIBRARY for LINUX
Finished clean
STARTING MAKE OF mmsl_nd.a LIBRARY for LINUX
Finished clean
STARTING MAKE OF mmsle_l.a LIBRARY for LINUX
Finished clean
STARTING MAKE OF mmsle_n.a LIBRARY for LINUX
Finished clean
STARTING MAKE OF mmsle_ld.a LIBRARY for LINUX
Finished clean
STARTING MAKE OF mmsle_nd.a LIBRARY for LINUX
Finished clean
STARTING MAKE OF ositcps_l.a LIBRARY for LINUX
Finished clean
STARTING MAKE OF ositcps_n.a LIBRARY for LINUX
Finished clean
STARTING MAKE OF ositcps_ld.a LIBRARY for LINUX
Finished clean
STARTING MAKE OF ositcps_nd.a LIBRARY for LINUX
Finished clean
STARTING MAKE OF ositpxs_l.a LIBRARY for LINUX
Finished clean
STARTING MAKE OF ositpxs_n.a LIBRARY for LINUX
Finished clean
STARTING MAKE OF ositpxs_ld.a LIBRARY for LINUX
Finished clean
STARTING MAKE OF ositpxs_nd.a LIBRARY for LINUX
Finished clean
STARTING MAKE OF gse_mgmt_l.a LIBRARY for LINUX
Finished clean
STARTING MAKE OF gse_mgmt_n.a LIBRARY for LINUX
Finished clean
STARTING MAKE OF gse_mgmt_ld.a LIBRARY for LINUX
Finished clean
STARTING MAKE OF gse_mgmt_nd.a LIBRARY for LINUX
Finished clean
STARTING MAKE OF smpval_l.a LIBRARY for LINUX
Finished clean
STARTING MAKE OF smpval_n.a LIBRARY for LINUX
Finished clean
STARTING MAKE OF smpval_ld.a LIBRARY for LINUX
Finished clean
STARTING MAKE OF smpval_nd.a LIBRARY for LINUX
Finished clean
STARTING MAKE OF mvl_l.a LIBRARY for LINUX
Finished clean
STARTING MAKE OF mvl_n.a LIBRARY for LINUX
Finished clean
STARTING MAKE OF mvl_ld.a LIBRARY for LINUX
Finished clean
STARTING MAKE OF mvl_nd.a LIBRARY for LINUX
Finished clean
STARTING MAKE OF mvlu_l.a LIBRARY for LINUX
Finished clean
STARTING MAKE OF mvlu_n.a LIBRARY for LINUX
Finished clean
STARTING MAKE OF mvlu_ld.a LIBRARY for LINUX
Finished clean
STARTING MAKE OF mvlu_nd.a LIBRARY for LINUX
Finished clean
STARTING MAKE OF util_l.a LIBRARY for LINUX
Finished clean
STARTING MAKE OF util_n.a LIBRARY for LINUX
Finished clean
STARTING MAKE OF util_ld.a LIBRARY for LINUX
Finished clean
STARTING MAKE OF util_nd.a LIBRARY for LINUX
Finished clean
STARTING MAKE OF mlogl_l.a LIBRARY for LINUX
Finished clean
STARTING MAKE OF mlogl_n.a LIBRARY for LINUX
Finished clean
STARTING MAKE OF mlogl_ld.a LIBRARY for LINUX
Finished clean
STARTING MAKE OF mlogl_nd.a LIBRARY for LINUX
Finished clean
STARTING MAKE OF findalgn_ld EXECUTABLE for LINUX
Finished clean
STARTING MAKE OF foundry_ld EXECUTABLE for LINUX
Finished clean
STARTING MAKE OF mmslog_ld EXECUTABLE for LINUX
Finished clean
STARTING MAKE OF cositcps0_ld EXECUTABLE for LINUX
Finished clean
STARTING MAKE OF sositcps0_ld EXECUTABLE for LINUX
Finished clean
STARTING MAKE OF scl_srvr_ld EXECUTABLE for LINUX
Finished clean
STARTING MAKE OF cositpxs0_ld EXECUTABLE for LINUX
Finished clean
STARTING MAKE OF sositpxs0_ld EXECUTABLE for LINUX
Finished clean
STARTING MAKE OF scl_tpxs0_ld EXECUTABLE for LINUX
Finished clean
STARTING MAKE OF iecgoose_ld EXECUTABLE for LINUX
Finished clean
STARTING MAKE OF gse_mgmt_ld EXECUTABLE for LINUX
Finished clean
STARTING MAKE OF meml_l.a LIBRARY for LINUX
ar: creating ../../lib/meml_l.a
FINISHED CREATING ../../lib/meml_l.a  LIBRARY
-----------------------------------------------------
STARTING MAKE OF meml_n.a LIBRARY for LINUX
ar: creating ../../lib/meml_n.a
FINISHED CREATING ../../lib/meml_n.a  LIBRARY
-----------------------------------------------------
STARTING MAKE OF meml_ld.a LIBRARY for LINUX
ar: creating ../../lib/meml_ld.a
FINISHED CREATING ../../lib/meml_ld.a  LIBRARY
-----------------------------------------------------
STARTING MAKE OF meml_nd.a LIBRARY for LINUX
ar: creating ../../lib/meml_nd.a
FINISHED CREATING ../../lib/meml_nd.a  LIBRARY
-----------------------------------------------------
STARTING MAKE OF mem_l.a LIBRARY for LINUX
ar: creating ../../lib/mem_l.a
FINISHED CREATING ../../lib/mem_l.a LIBRARY
-----------------------------------------------------
STARTING MAKE OF mem_n.a LIBRARY for LINUX
ar: creating ../../lib/mem_n.a
FINISHED CREATING ../../lib/mem_n.a LIBRARY
-----------------------------------------------------
STARTING MAKE OF mem_ld.a LIBRARY for LINUX
ar: creating ../../lib/mem_ld.a
FINISHED CREATING ../../lib/mem_ld.a LIBRARY
-----------------------------------------------------
STARTING MAKE OF mem_nd.a LIBRARY for LINUX
ar: creating ../../lib/mem_nd.a
FINISHED CREATING ../../lib/mem_nd.a LIBRARY
-----------------------------------------------------
STARTING MAKE OF smem_l.a LIBRARY for LINUX
ar: creating ../../lib/smem_l.a
FINISHED CREATING ../../lib/smem_l.a LIBRARY
-----------------------------------------------------
STARTING MAKE OF smem_n.a LIBRARY for LINUX
ar: creating ../../lib/smem_n.a
FINISHED CREATING ../../lib/smem_n.a LIBRARY
-----------------------------------------------------
STARTING MAKE OF smem_ld.a LIBRARY for LINUX
ar: creating ../../lib/smem_ld.a
FINISHED CREATING ../../lib/smem_ld.a LIBRARY
-----------------------------------------------------
STARTING MAKE OF smem_nd.a LIBRARY for LINUX
ar: creating ../../lib/smem_nd.a
FINISHED CREATING ../../lib/smem_nd.a LIBRARY
-----------------------------------------------------
STARTING MAKE OF slog_l.a LIBRARY for LINUX
ar: creating ../../lib/slog_l.a
FINISHED CREATING ../../lib/slog_l.a LIBRARY
-----------------------------------------------------
STARTING MAKE OF slog_n.a LIBRARY for LINUX
ar: creating ../../lib/slog_n.a
FINISHED CREATING ../../lib/slog_n.a LIBRARY
-----------------------------------------------------
STARTING MAKE OF slog_ld.a LIBRARY for LINUX
ar: creating ../../lib/slog_ld.a
FINISHED CREATING ../../lib/slog_ld.a LIBRARY
-----------------------------------------------------
STARTING MAKE OF slog_nd.a LIBRARY for LINUX
ar: creating ../../lib/slog_nd.a
FINISHED CREATING ../../lib/slog_nd.a LIBRARY
-----------------------------------------------------
STARTING MAKE OF asn1l_l.a LIBRARY for LINUX
ar: creating ../../lib/asn1l_l.a
FINISHED CREATING ../../lib/asn1l_l.a LIBRARY
-----------------------------------------------------
STARTING MAKE OF asn1l_n.a LIBRARY for LINUX
ar: creating ../../lib/asn1l_n.a
FINISHED CREATING ../../lib/asn1l_n.a LIBRARY
-----------------------------------------------------
STARTING MAKE OF asn1l_ld.a LIBRARY for LINUX
ar: creating ../../lib/asn1l_ld.a
FINISHED CREATING ../../lib/asn1l_ld.a LIBRARY
-----------------------------------------------------
STARTING MAKE OF asn1l_nd.a LIBRARY for LINUX
ar: creating ../../lib/asn1l_nd.a
FINISHED CREATING ../../lib/asn1l_nd.a LIBRARY
-----------------------------------------------------
STARTING MAKE OF mmsl_l.a LIBRARY for LINUX
ar: creating ../../lib/mmsl_l.a
FINISHED CREATING ../../lib/mmsl_l.a LIBRARY
-----------------------------------------------------
STARTING MAKE OF mmsl_n.a LIBRARY for LINUX
ar: creating ../../lib/mmsl_n.a
FINISHED CREATING ../../lib/mmsl_n.a LIBRARY
-----------------------------------------------------
STARTING MAKE OF mmsl_ld.a LIBRARY for LINUX
ar: creating ../../lib/mmsl_ld.a
FINISHED CREATING ../../lib/mmsl_ld.a LIBRARY
-----------------------------------------------------
STARTING MAKE OF mmsl_nd.a LIBRARY for LINUX
ar: creating ../../lib/mmsl_nd.a
FINISHED CREATING ../../lib/mmsl_nd.a LIBRARY
-----------------------------------------------------
STARTING MAKE OF mmsle_l.a LIBRARY for LINUX
ar: creating ../../lib/mmsle_l.a
FINISHED CREATING ../../lib/mmsle_l.a LIBRARY
-----------------------------------------------------
STARTING MAKE OF mmsle_n.a LIBRARY for LINUX
ar: creating ../../lib/mmsle_n.a
FINISHED CREATING ../../lib/mmsle_n.a LIBRARY
-----------------------------------------------------
STARTING MAKE OF mmsle_ld.a LIBRARY for LINUX
ar: creating ../../lib/mmsle_ld.a
FINISHED CREATING ../../lib/mmsle_ld.a LIBRARY
-----------------------------------------------------
STARTING MAKE OF mmsle_nd.a LIBRARY for LINUX
ar: creating ../../lib/mmsle_nd.a
FINISHED CREATING ../../lib/mmsle_nd.a LIBRARY
-----------------------------------------------------
STARTING MAKE OF ositcps_l.a LIBRARY for LINUX
ar: creating ../../lib/ositcps_l.a
FINISHED CREATING ../../lib/ositcps_l.a LIBRARY
-----------------------------------------------------
STARTING MAKE OF ositcps_n.a LIBRARY for LINUX
ar: creating ../../lib/ositcps_n.a
FINISHED CREATING ../../lib/ositcps_n.a LIBRARY
-----------------------------------------------------
STARTING MAKE OF ositcps_ld.a LIBRARY for LINUX
ar: creating ../../lib/ositcps_ld.a
FINISHED CREATING ../../lib/ositcps_ld.a LIBRARY
-----------------------------------------------------
STARTING MAKE OF ositcps_nd.a LIBRARY for LINUX
ar: creating ../../lib/ositcps_nd.a
FINISHED CREATING ../../lib/ositcps_nd.a LIBRARY
-----------------------------------------------------
STARTING MAKE OF ositpxs_l.a LIBRARY for LINUX
ar: creating ../../lib/ositpxs_l.a
FINISHED CREATING ../../lib/ositpxs_l.a LIBRARY
-----------------------------------------------------
STARTING MAKE OF ositpxs_n.a LIBRARY for LINUX
ar: creating ../../lib/ositpxs_n.a
FINISHED CREATING ../../lib/ositpxs_n.a LIBRARY
-----------------------------------------------------
STARTING MAKE OF ositpxs_ld.a LIBRARY for LINUX
ar: creating ../../lib/ositpxs_ld.a
FINISHED CREATING ../../lib/ositpxs_ld.a LIBRARY
-----------------------------------------------------
STARTING MAKE OF ositpxs_nd.a LIBRARY for LINUX
ar: creating ../../lib/ositpxs_nd.a
FINISHED CREATING ../../lib/ositpxs_nd.a LIBRARY
-----------------------------------------------------
STARTING MAKE OF gse_mgmt_l.a LIBRARY for LINUX
ar: creating ../../lib/gse_mgmt_l.a
FINISHED CREATING ../../lib/gse_mgmt_l.a LIBRARY
-----------------------------------------------------
STARTING MAKE OF gse_mgmt_n.a LIBRARY for LINUX
ar: creating ../../lib/gse_mgmt_n.a
FINISHED CREATING ../../lib/gse_mgmt_n.a LIBRARY
-----------------------------------------------------
STARTING MAKE OF gse_mgmt_ld.a LIBRARY for LINUX
ar: creating ../../lib/gse_mgmt_ld.a
FINISHED CREATING ../../lib/gse_mgmt_ld.a LIBRARY
-----------------------------------------------------
STARTING MAKE OF gse_mgmt_nd.a LIBRARY for LINUX
ar: creating ../../lib/gse_mgmt_nd.a
FINISHED CREATING ../../lib/gse_mgmt_nd.a LIBRARY
-----------------------------------------------------
STARTING MAKE OF smpval_l.a LIBRARY for LINUX
ar: creating ../../lib/smpval_l.a
FINISHED CREATING ../../lib/smpval_l.a LIBRARY
-----------------------------------------------------
STARTING MAKE OF smpval_n.a LIBRARY for LINUX
ar: creating ../../lib/smpval_n.a
FINISHED CREATING ../../lib/smpval_n.a LIBRARY
-----------------------------------------------------
STARTING MAKE OF smpval_ld.a LIBRARY for LINUX
ar: creating ../../lib/smpval_ld.a
FINISHED CREATING ../../lib/smpval_ld.a LIBRARY
-----------------------------------------------------
STARTING MAKE OF smpval_nd.a LIBRARY for LINUX
ar: creating ../../lib/smpval_nd.a
FINISHED CREATING ../../lib/smpval_nd.a LIBRARY
-----------------------------------------------------
STARTING MAKE OF mvl_l.a LIBRARY for LINUX
ar: creating ../../lib/mvl_l.a
FINISHED CREATING ../../lib/mvl_l.a LIBRARY
-----------------------------------------------------
STARTING MAKE OF mvl_n.a LIBRARY for LINUX
ar: creating ../../lib/mvl_n.a
FINISHED CREATING ../../lib/mvl_n.a LIBRARY
-----------------------------------------------------
STARTING MAKE OF mvl_ld.a LIBRARY for LINUX
ar: creating ../../lib/mvl_ld.a
FINISHED CREATING ../../lib/mvl_ld.a LIBRARY
-----------------------------------------------------
STARTING MAKE OF mvl_nd.a LIBRARY for LINUX
ar: creating ../../lib/mvl_nd.a
FINISHED CREATING ../../lib/mvl_nd.a LIBRARY
-----------------------------------------------------
STARTING MAKE OF mvlu_l.a LIBRARY for LINUX
ar: creating ../../lib/mvlu_l.a
FINISHED CREATING ../../lib/mvlu_l.a LIBRARY
-----------------------------------------------------
STARTING MAKE OF mvlu_n.a LIBRARY for LINUX
ar: creating ../../lib/mvlu_n.a
FINISHED CREATING ../../lib/mvlu_n.a LIBRARY
-----------------------------------------------------
STARTING MAKE OF mvlu_ld.a LIBRARY for LINUX
ar: creating ../../lib/mvlu_ld.a
FINISHED CREATING ../../lib/mvlu_ld.a LIBRARY
-----------------------------------------------------
STARTING MAKE OF mvlu_nd.a LIBRARY for LINUX
ar: creating ../../lib/mvlu_nd.a
FINISHED CREATING ../../lib/mvlu_nd.a LIBRARY
-----------------------------------------------------
STARTING MAKE OF util_l.a LIBRARY for LINUX
ar: creating ../../lib/util_l.a
FINISHED CREATING ../../lib/util_l.a LIBRARY
-----------------------------------------------------
STARTING MAKE OF util_n.a LIBRARY for LINUX
ar: creating ../../lib/util_n.a
FINISHED CREATING ../../lib/util_n.a LIBRARY
-----------------------------------------------------
STARTING MAKE OF util_ld.a LIBRARY for LINUX
ar: creating ../../lib/util_ld.a
FINISHED CREATING ../../lib/util_ld.a LIBRARY
-----------------------------------------------------
STARTING MAKE OF util_nd.a LIBRARY for LINUX
ar: creating ../../lib/util_nd.a
FINISHED CREATING ../../lib/util_nd.a LIBRARY
-----------------------------------------------------
STARTING MAKE OF mlogl_l.a LIBRARY for LINUX
ar: creating ../../lib/mlogl_l.a
FINISHED CREATING ../../lib/mlogl_l.a LIBRARY
-----------------------------------------------------
STARTING MAKE OF mlogl_n.a LIBRARY for LINUX
ar: creating ../../lib/mlogl_n.a
FINISHED CREATING ../../lib/mlogl_n.a LIBRARY
-----------------------------------------------------
STARTING MAKE OF mlogl_ld.a LIBRARY for LINUX
ar: creating ../../lib/mlogl_ld.a
FINISHED CREATING ../../lib/mlogl_ld.a LIBRARY
-----------------------------------------------------
STARTING MAKE OF mlogl_nd.a LIBRARY for LINUX
ar: creating ../../lib/mlogl_nd.a
FINISHED CREATING ../../lib/mlogl_nd.a LIBRARY
-----------------------------------------------------
STARTING MAKE OF findalgn_ld EXECUTABLE for LINUX
FINISHED GENERATING ../../bin/findalgn_ld EXECUTABLE
-----------------------------------------------------
STARTING MAKE OF foundry_ld EXECUTABLE for LINUX
FINISHED GENERATING ../../bin/foundry_ld EXECUTABLE
-----------------------------------------------------
STARTING MAKE OF mmslog_ld EXECUTABLE for LINUX
FINISHED GENERATING ../../bin/mmslog_ld EXECUTABLE
-----------------------------------------------------
STARTING MAKE OF cositcps0_ld EXECUTABLE for LINUX


                  MMS-EASE Lite Object Foundry
(c) Copyright Systems Integration Specialists Company, Inc.,
                  1998 - 2008, All Rights Reserved

Done
In file included from ../../mvl/usr/client/client.c:171:
../../mvl/usr/client/mmsop_en.h:35: note: #pragma message:  into mmsop_en.h in mvl/usr/client/mmsop_en.h
In file included from ../../src/mmsop_en.c:89:
../../mvl/usr/client/mmsop_en.h:35: note: #pragma message:  into mmsop_en.h in mvl/usr/client/mmsop_en.h
In file included from ../../mvl/src/mvlop_en.c:41:
../../mvl/usr/client/mmsop_en.h:35: note: #pragma message:  into mmsop_en.h in mvl/usr/client/mmsop_en.h
../../mvl/src/acse/mvl_acse.c:238: note: #pragma message:  begin mmsop_en.h in mvl_acse.c
In file included from ../../mvl/src/acse/mvl_acse.c:239:
../../mvl/usr/client/mmsop_en.h:35: note: #pragma message:  into mmsop_en.h in mvl/usr/client/mmsop_en.h
../../mvl/src/acse/mvl_acse.c:240: note: #pragma message:  after mmsop_en.h in mvl_acse.c
../../lib/mvlu_ld.a(mvl_serv.o): In function `u_mvl_reject_ind':
/home/skt/src/common/mmslite-6.0000/cmd/gnu/../../mvl/src/mvl_serv.c:171: multiple definition of `u_mvl_reject_ind'
obj_cositcps0_ld/reject.o:/home/skt/src/common/mmslite-6.0000/cmd/gnu/../../mvl/usr/reject.c:46: first defined here
collect2: ld returned 1 exit status
STARTING MAKE OF sositcps0_ld EXECUTABLE for LINUX


                  MMS-EASE Lite Object Foundry
(c) Copyright Systems Integration Specialists Company, Inc.,
                  1998 - 2008, All Rights Reserved

Done
../../mvl/src/acse/mvl_acse.c:238: note: #pragma message:  begin mmsop_en.h in mvl_acse.c
../../mvl/src/acse/mvl_acse.c:240: note: #pragma message:  after mmsop_en.h in mvl_acse.c
../../lib/mvl_ld.a(mvl_serv.o): In function `u_mvl_reject_ind':
/home/skt/src/common/mmslite-6.0000/cmd/gnu/../../mvl/src/mvl_serv.c:171: multiple definition of `u_mvl_reject_ind'
obj_sositcps0_ld/reject.o:/home/skt/src/common/mmslite-6.0000/cmd/gnu/../../mvl/usr/reject.c:46: first defined here
collect2: ld returned 1 exit status
STARTING MAKE OF scl_srvr_ld EXECUTABLE for LINUX


                  MMS-EASE Lite Object Foundry
(c) Copyright Systems Integration Specialists Company, Inc.,
                  1998 - 2008, All Rights Reserved

Done
../../mvl/usr/scl_srvr/scl_srvr.c:149:17: error: vld.h: 没有那个文件或目录
STARTING MAKE OF cositpxs0_ld EXECUTABLE for LINUX
In file included from ../../mvl/usr/client/client.c:171:
../../mvl/usr/client/mmsop_en.h:35: note: #pragma message:  into mmsop_en.h in mvl/usr/client/mmsop_en.h
In file included from ../../src/mmsop_en.c:89:
../../mvl/usr/client/mmsop_en.h:35: note: #pragma message:  into mmsop_en.h in mvl/usr/client/mmsop_en.h
In file included from ../../mvl/src/mvlop_en.c:41:
../../mvl/usr/client/mmsop_en.h:35: note: #pragma message:  into mmsop_en.h in mvl/usr/client/mmsop_en.h
../../mvl/src/acse/mvl_acse.c:238: note: #pragma message:  begin mmsop_en.h in mvl_acse.c
In file included from ../../mvl/src/acse/mvl_acse.c:239:
../../mvl/usr/client/mmsop_en.h:35: note: #pragma message:  into mmsop_en.h in mvl/usr/client/mmsop_en.h
../../mvl/src/acse/mvl_acse.c:240: note: #pragma message:  after mmsop_en.h in mvl_acse.c
../../lib/mvlu_ld.a(mvl_serv.o): In function `u_mvl_reject_ind':
/home/skt/src/common/mmslite-6.0000/cmd/gnu/../../mvl/src/mvl_serv.c:171: multiple definition of `u_mvl_reject_ind'
obj_cositpxs0_ld/reject.o:/home/skt/src/common/mmslite-6.0000/cmd/gnu/../../mvl/usr/reject.c:46: first defined here
collect2: ld returned 1 exit status
STARTING MAKE OF sositpxs0_ld EXECUTABLE for LINUX
../../mvl/src/acse/mvl_acse.c:238: note: #pragma message:  begin mmsop_en.h in mvl_acse.c
../../mvl/src/acse/mvl_acse.c:240: note: #pragma message:  after mmsop_en.h in mvl_acse.c
../../lib/mvl_ld.a(mvl_serv.o): In function `u_mvl_reject_ind':
/home/skt/src/common/mmslite-6.0000/cmd/gnu/../../mvl/src/mvl_serv.c:171: multiple definition of `u_mvl_reject_ind'
obj_sositpxs0_ld/reject.o:/home/skt/src/common/mmslite-6.0000/cmd/gnu/../../mvl/usr/reject.c:46: first defined here
collect2: ld returned 1 exit status
STARTING MAKE OF scl_tpxs0_ld EXECUTABLE for LINUX
../../mvl/usr/scl_srvr/scl_srvr.c:149:17: error: vld.h: 没有那个文件或目录
STARTING MAKE OF iecgoose_ld EXECUTABLE for LINUX


                  MMS-EASE Lite Object Foundry
(c) Copyright Systems Integration Specialists Company, Inc.,
                  1998 - 2008, All Rights Reserved
Error, cannot open input file '../../mvl/usr/iecgoose/uca_obj.odf'


Usage:  foundry [-o] [-ccfgFile] [-ttemplateFile] infile[.ext] [outfile]

 Valid Arguments :
	-?   	: List Valid Arguments
	-c   	: Alignment control file
	-t   	: UCA Template Function File
	-o   	: Overwrite target
	-d   	: Debug mode
	-v   	: Create UCA Variable Names & Associations
	-n   	: Extract UCA Variable Names
	-p   	: Print line numbers being processed
	-r   	: Use code to initialize Runtime Type
	-l   	: List all types
	-i   	: Include path
	-x   	: No MMS-Lite Required
	*    	: Object Definition File NameSTARTING MAKE OF gse_mgmt_ld EXECUTABLE for LINUX


                  MMS-EASE Lite Object Foundry
(c) Copyright Systems Integration Specialists Company, Inc.,
                  1998 - 2008, All Rights Reserved

Done
STARTING MAKE OF meml_l.a LIBRARY for LINUX
ar: creating ../../lib/meml_l.a
FINISHED CREATING ../../lib/meml_l.a  LIBRARY
-----------------------------------------------------
STARTING MAKE OF meml_n.a LIBRARY for LINUX
ar: creating ../../lib/meml_n.a
FINISHED CREATING ../../lib/meml_n.a  LIBRARY
-----------------------------------------------------
STARTING MAKE OF meml_ld.a LIBRARY for LINUX
ar: creating ../../lib/meml_ld.a
FINISHED CREATING ../../lib/meml_ld.a  LIBRARY
-----------------------------------------------------
STARTING MAKE OF meml_nd.a LIBRARY for LINUX
ar: creating ../../lib/meml_nd.a
FINISHED CREATING ../../lib/meml_nd.a  LIBRARY
-----------------------------------------------------
STARTING MAKE OF mem_l.a LIBRARY for LINUX
ar: creating ../../lib/mem_l.a
FINISHED CREATING ../../lib/mem_l.a LIBRARY
-----------------------------------------------------
STARTING MAKE OF mem_n.a LIBRARY for LINUX
ar: creating ../../lib/mem_n.a
FINISHED CREATING ../../lib/mem_n.a LIBRARY
-----------------------------------------------------
STARTING MAKE OF mem_ld.a LIBRARY for LINUX
ar: creating ../../lib/mem_ld.a
FINISHED CREATING ../../lib/mem_ld.a LIBRARY
-----------------------------------------------------
STARTING MAKE OF mem_nd.a LIBRARY for LINUX
ar: creating ../../lib/mem_nd.a
FINISHED CREATING ../../lib/mem_nd.a LIBRARY
-----------------------------------------------------
STARTING MAKE OF smem_l.a LIBRARY for LINUX
ar: creating ../../lib/smem_l.a
FINISHED CREATING ../../lib/smem_l.a LIBRARY
-----------------------------------------------------
STARTING MAKE OF smem_n.a LIBRARY for LINUX
ar: creating ../../lib/smem_n.a
FINISHED CREATING ../../lib/smem_n.a LIBRARY
-----------------------------------------------------
STARTING MAKE OF smem_ld.a LIBRARY for LINUX
ar: creating ../../lib/smem_ld.a
FINISHED CREATING ../../lib/smem_ld.a LIBRARY
-----------------------------------------------------
STARTING MAKE OF smem_nd.a LIBRARY for LINUX
ar: creating ../../lib/smem_nd.a
FINISHED CREATING ../../lib/smem_nd.a LIBRARY
-----------------------------------------------------
STARTING MAKE OF slog_l.a LIBRARY for LINUX
ar: creating ../../lib/slog_l.a
FINISHED CREATING ../../lib/slog_l.a LIBRARY
-----------------------------------------------------
STARTING MAKE OF slog_n.a LIBRARY for LINUX
ar: creating ../../lib/slog_n.a
FINISHED CREATING ../../lib/slog_n.a LIBRARY
-----------------------------------------------------
STARTING MAKE OF slog_ld.a LIBRARY for LINUX
ar: creating ../../lib/slog_ld.a
FINISHED CREATING ../../lib/slog_ld.a LIBRARY
-----------------------------------------------------
STARTING MAKE OF slog_nd.a LIBRARY for LINUX
ar: creating ../../lib/slog_nd.a
FINISHED CREATING ../../lib/slog_nd.a LIBRARY
-----------------------------------------------------
STARTING MAKE OF asn1l_l.a LIBRARY for LINUX
ar: creating ../../lib/asn1l_l.a
FINISHED CREATING ../../lib/asn1l_l.a LIBRARY
-----------------------------------------------------
STARTING MAKE OF asn1l_n.a LIBRARY for LINUX
ar: creating ../../lib/asn1l_n.a
FINISHED CREATING ../../lib/asn1l_n.a LIBRARY
-----------------------------------------------------
STARTING MAKE OF asn1l_ld.a LIBRARY for LINUX
ar: creating ../../lib/asn1l_ld.a
FINISHED CREATING ../../lib/asn1l_ld.a LIBRARY
-----------------------------------------------------
STARTING MAKE OF asn1l_nd.a LIBRARY for LINUX
ar: creating ../../lib/asn1l_nd.a
FINISHED CREATING ../../lib/asn1l_nd.a LIBRARY
-----------------------------------------------------
STARTING MAKE OF mmsl_l.a LIBRARY for LINUX
ar: creating ../../lib/mmsl_l.a
FINISHED CREATING ../../lib/mmsl_l.a LIBRARY
-----------------------------------------------------
STARTING MAKE OF mmsl_n.a LIBRARY for LINUX
ar: creating ../../lib/mmsl_n.a
FINISHED CREATING ../../lib/mmsl_n.a LIBRARY
-----------------------------------------------------
STARTING MAKE OF mmsl_ld.a LIBRARY for LINUX
ar: creating ../../lib/mmsl_ld.a
FINISHED CREATING ../../lib/mmsl_ld.a LIBRARY
-----------------------------------------------------
STARTING MAKE OF mmsl_nd.a LIBRARY for LINUX
ar: creating ../../lib/mmsl_nd.a
FINISHED CREATING ../../lib/mmsl_nd.a LIBRARY
-----------------------------------------------------
STARTING MAKE OF mmsle_l.a LIBRARY for LINUX
ar: creating ../../lib/mmsle_l.a
FINISHED CREATING ../../lib/mmsle_l.a LIBRARY
-----------------------------------------------------
STARTING MAKE OF mmsle_n.a LIBRARY for LINUX
ar: creating ../../lib/mmsle_n.a
FINISHED CREATING ../../lib/mmsle_n.a LIBRARY
-----------------------------------------------------
STARTING MAKE OF mmsle_ld.a LIBRARY for LINUX
ar: creating ../../lib/mmsle_ld.a
FINISHED CREATING ../../lib/mmsle_ld.a LIBRARY
-----------------------------------------------------
STARTING MAKE OF mmsle_nd.a LIBRARY for LINUX
ar: creating ../../lib/mmsle_nd.a
FINISHED CREATING ../../lib/mmsle_nd.a LIBRARY
-----------------------------------------------------
STARTING MAKE OF ositcps_l.a LIBRARY for LINUX
ar: creating ../../lib/ositcps_l.a
FINISHED CREATING ../../lib/ositcps_l.a LIBRARY
-----------------------------------------------------
STARTING MAKE OF ositcps_n.a LIBRARY for LINUX
ar: creating ../../lib/ositcps_n.a
FINISHED CREATING ../../lib/ositcps_n.a LIBRARY
-----------------------------------------------------
STARTING MAKE OF ositcps_ld.a LIBRARY for LINUX
ar: creating ../../lib/ositcps_ld.a
FINISHED CREATING ../../lib/ositcps_ld.a LIBRARY
-----------------------------------------------------
STARTING MAKE OF ositcps_nd.a LIBRARY for LINUX
ar: creating ../../lib/ositcps_nd.a
FINISHED CREATING ../../lib/ositcps_nd.a LIBRARY
-----------------------------------------------------
STARTING MAKE OF ositpxs_l.a LIBRARY for LINUX
ar: creating ../../lib/ositpxs_l.a
FINISHED CREATING ../../lib/ositpxs_l.a LIBRARY
-----------------------------------------------------
STARTING MAKE OF ositpxs_n.a LIBRARY for LINUX
ar: creating ../../lib/ositpxs_n.a
FINISHED CREATING ../../lib/ositpxs_n.a LIBRARY
-----------------------------------------------------
STARTING MAKE OF ositpxs_ld.a LIBRARY for LINUX
ar: creating ../../lib/ositpxs_ld.a
FINISHED CREATING ../../lib/ositpxs_ld.a LIBRARY
-----------------------------------------------------
STARTING MAKE OF ositpxs_nd.a LIBRARY for LINUX
ar: creating ../../lib/ositpxs_nd.a
FINISHED CREATING ../../lib/ositpxs_nd.a LIBRARY
-----------------------------------------------------
STARTING MAKE OF gse_mgmt_l.a LIBRARY for LINUX
ar: creating ../../lib/gse_mgmt_l.a
FINISHED CREATING ../../lib/gse_mgmt_l.a LIBRARY
-----------------------------------------------------
STARTING MAKE OF gse_mgmt_n.a LIBRARY for LINUX
ar: creating ../../lib/gse_mgmt_n.a
FINISHED CREATING ../../lib/gse_mgmt_n.a LIBRARY
-----------------------------------------------------
STARTING MAKE OF gse_mgmt_ld.a LIBRARY for LINUX
ar: creating ../../lib/gse_mgmt_ld.a
FINISHED CREATING ../../lib/gse_mgmt_ld.a LIBRARY
-----------------------------------------------------
STARTING MAKE OF gse_mgmt_nd.a LIBRARY for LINUX
ar: creating ../../lib/gse_mgmt_nd.a
FINISHED CREATING ../../lib/gse_mgmt_nd.a LIBRARY
-----------------------------------------------------
STARTING MAKE OF smpval_l.a LIBRARY for LINUX
ar: creating ../../lib/smpval_l.a
FINISHED CREATING ../../lib/smpval_l.a LIBRARY
-----------------------------------------------------
STARTING MAKE OF smpval_n.a LIBRARY for LINUX
ar: creating ../../lib/smpval_n.a
FINISHED CREATING ../../lib/smpval_n.a LIBRARY
-----------------------------------------------------
STARTING MAKE OF smpval_ld.a LIBRARY for LINUX
ar: creating ../../lib/smpval_ld.a
FINISHED CREATING ../../lib/smpval_ld.a LIBRARY
-----------------------------------------------------
STARTING MAKE OF smpval_nd.a LIBRARY for LINUX
ar: creating ../../lib/smpval_nd.a
FINISHED CREATING ../../lib/smpval_nd.a LIBRARY
-----------------------------------------------------
STARTING MAKE OF mvl_l.a LIBRARY for LINUX
ar: creating ../../lib/mvl_l.a
FINISHED CREATING ../../lib/mvl_l.a LIBRARY
-----------------------------------------------------
STARTING MAKE OF mvl_n.a LIBRARY for LINUX
ar: creating ../../lib/mvl_n.a
FINISHED CREATING ../../lib/mvl_n.a LIBRARY
-----------------------------------------------------
STARTING MAKE OF mvl_ld.a LIBRARY for LINUX
ar: creating ../../lib/mvl_ld.a
FINISHED CREATING ../../lib/mvl_ld.a LIBRARY
-----------------------------------------------------
STARTING MAKE OF mvl_nd.a LIBRARY for LINUX
ar: creating ../../lib/mvl_nd.a
FINISHED CREATING ../../lib/mvl_nd.a LIBRARY
-----------------------------------------------------
STARTING MAKE OF mvlu_l.a LIBRARY for LINUX
ar: creating ../../lib/mvlu_l.a
FINISHED CREATING ../../lib/mvlu_l.a LIBRARY
-----------------------------------------------------
STARTING MAKE OF mvlu_n.a LIBRARY for LINUX
ar: creating ../../lib/mvlu_n.a
FINISHED CREATING ../../lib/mvlu_n.a LIBRARY
-----------------------------------------------------
STARTING MAKE OF mvlu_ld.a LIBRARY for LINUX
ar: creating ../../lib/mvlu_ld.a
FINISHED CREATING ../../lib/mvlu_ld.a LIBRARY
-----------------------------------------------------
STARTING MAKE OF mvlu_nd.a LIBRARY for LINUX
ar: creating ../../lib/mvlu_nd.a
FINISHED CREATING ../../lib/mvlu_nd.a LIBRARY
-----------------------------------------------------
STARTING MAKE OF util_l.a LIBRARY for LINUX
ar: creating ../../lib/util_l.a
FINISHED CREATING ../../lib/util_l.a LIBRARY
-----------------------------------------------------
STARTING MAKE OF util_n.a LIBRARY for LINUX
ar: creating ../../lib/util_n.a
FINISHED CREATING ../../lib/util_n.a LIBRARY
-----------------------------------------------------
STARTING MAKE OF util_ld.a LIBRARY for LINUX
ar: creating ../../lib/util_ld.a
FINISHED CREATING ../../lib/util_ld.a LIBRARY
-----------------------------------------------------
STARTING MAKE OF util_nd.a LIBRARY for LINUX
ar: creating ../../lib/util_nd.a
FINISHED CREATING ../../lib/util_nd.a LIBRARY
-----------------------------------------------------
STARTING MAKE OF mlogl_l.a LIBRARY for LINUX
ar: creating ../../lib/mlogl_l.a
FINISHED CREATING ../../lib/mlogl_l.a LIBRARY
-----------------------------------------------------
STARTING MAKE OF mlogl_n.a LIBRARY for LINUX
ar: creating ../../lib/mlogl_n.a
FINISHED CREATING ../../lib/mlogl_n.a LIBRARY
-----------------------------------------------------
STARTING MAKE OF mlogl_ld.a LIBRARY for LINUX
ar: creating ../../lib/mlogl_ld.a
FINISHED CREATING ../../lib/mlogl_ld.a LIBRARY
-----------------------------------------------------
STARTING MAKE OF mlogl_nd.a LIBRARY for LINUX
ar: creating ../../lib/mlogl_nd.a
FINISHED CREATING ../../lib/mlogl_nd.a LIBRARY
-----------------------------------------------------
STARTING MAKE OF findalgn_ld EXECUTABLE for LINUX
FINISHED GENERATING ../../bin/findalgn_ld EXECUTABLE
-----------------------------------------------------
STARTING MAKE OF foundry_ld EXECUTABLE for LINUX
FINISHED GENERATING ../../bin/foundry_ld EXECUTABLE
-----------------------------------------------------
STARTING MAKE OF mmslog_ld EXECUTABLE for LINUX
FINISHED GENERATING ../../bin/mmslog_ld EXECUTABLE
-----------------------------------------------------
STARTING MAKE OF cositcps0_ld EXECUTABLE for LINUX


                  MMS-EASE Lite Object Foundry
(c) Copyright Systems Integration Specialists Company, Inc.,
                  1998 - 2008, All Rights Reserved

Done
In file included from ../../mvl/usr/client/client.c:171:
../../mvl/usr/client/mmsop_en.h:35: note: #pragma message:  into mmsop_en.h in mvl/usr/client/mmsop_en.h
In file included from ../../src/mmsop_en.c:89:
../../mvl/usr/client/mmsop_en.h:35: note: #pragma message:  into mmsop_en.h in mvl/usr/client/mmsop_en.h
In file included from ../../mvl/src/mvlop_en.c:41:
../../mvl/usr/client/mmsop_en.h:35: note: #pragma message:  into mmsop_en.h in mvl/usr/client/mmsop_en.h
../../mvl/src/acse/mvl_acse.c:238: note: #pragma message:  begin mmsop_en.h in mvl_acse.c
In file included from ../../mvl/src/acse/mvl_acse.c:239:
../../mvl/usr/client/mmsop_en.h:35: note: #pragma message:  into mmsop_en.h in mvl/usr/client/mmsop_en.h
../../mvl/src/acse/mvl_acse.c:240: note: #pragma message:  after mmsop_en.h in mvl_acse.c
../../lib/mvlu_ld.a(mvl_serv.o): In function `u_mvl_reject_ind':
/home/skt/src/common/mmslite-6.0000/cmd/gnu/../../mvl/src/mvl_serv.c:171: multiple definition of `u_mvl_reject_ind'
obj_cositcps0_ld/reject.o:/home/skt/src/common/mmslite-6.0000/cmd/gnu/../../mvl/usr/reject.c:46: first defined here
collect2: ld returned 1 exit status
STARTING MAKE OF sositcps0_ld EXECUTABLE for LINUX


                  MMS-EASE Lite Object Foundry
(c) Copyright Systems Integration Specialists Company, Inc.,
                  1998 - 2008, All Rights Reserved

Done
../../mvl/src/acse/mvl_acse.c:238: note: #pragma message:  begin mmsop_en.h in mvl_acse.c
../../mvl/src/acse/mvl_acse.c:240: note: #pragma message:  after mmsop_en.h in mvl_acse.c
../../lib/mvl_ld.a(mvl_serv.o): In function `u_mvl_reject_ind':
/home/skt/src/common/mmslite-6.0000/cmd/gnu/../../mvl/src/mvl_serv.c:171: multiple definition of `u_mvl_reject_ind'
obj_sositcps0_ld/reject.o:/home/skt/src/common/mmslite-6.0000/cmd/gnu/../../mvl/usr/reject.c:46: first defined here
collect2: ld returned 1 exit status
STARTING MAKE OF scl_srvr_ld EXECUTABLE for LINUX


                  MMS-EASE Lite Object Foundry
(c) Copyright Systems Integration Specialists Company, Inc.,
                  1998 - 2008, All Rights Reserved

Done
../../mvl/usr/scl_srvr/scl_srvr.c:149:17: error: vld.h: 没有那个文件或目录
STARTING MAKE OF cositpxs0_ld EXECUTABLE for LINUX
In file included from ../../mvl/usr/client/client.c:171:
../../mvl/usr/client/mmsop_en.h:35: note: #pragma message:  into mmsop_en.h in mvl/usr/client/mmsop_en.h
In file included from ../../src/mmsop_en.c:89:
../../mvl/usr/client/mmsop_en.h:35: note: #pragma message:  into mmsop_en.h in mvl/usr/client/mmsop_en.h
In file included from ../../mvl/src/mvlop_en.c:41:
../../mvl/usr/client/mmsop_en.h:35: note: #pragma message:  into mmsop_en.h in mvl/usr/client/mmsop_en.h
../../mvl/src/acse/mvl_acse.c:238: note: #pragma message:  begin mmsop_en.h in mvl_acse.c
In file included from ../../mvl/src/acse/mvl_acse.c:239:
../../mvl/usr/client/mmsop_en.h:35: note: #pragma message:  into mmsop_en.h in mvl/usr/client/mmsop_en.h
../../mvl/src/acse/mvl_acse.c:240: note: #pragma message:  after mmsop_en.h in mvl_acse.c
../../lib/mvlu_ld.a(mvl_serv.o): In function `u_mvl_reject_ind':
/home/skt/src/common/mmslite-6.0000/cmd/gnu/../../mvl/src/mvl_serv.c:171: multiple definition of `u_mvl_reject_ind'
obj_cositpxs0_ld/reject.o:/home/skt/src/common/mmslite-6.0000/cmd/gnu/../../mvl/usr/reject.c:46: first defined here
collect2: ld returned 1 exit status
STARTING MAKE OF sositpxs0_ld EXECUTABLE for LINUX
../../mvl/src/acse/mvl_acse.c:238: note: #pragma message:  begin mmsop_en.h in mvl_acse.c
../../mvl/src/acse/mvl_acse.c:240: note: #pragma message:  after mmsop_en.h in mvl_acse.c
../../lib/mvl_ld.a(mvl_serv.o): In function `u_mvl_reject_ind':
/home/skt/src/common/mmslite-6.0000/cmd/gnu/../../mvl/src/mvl_serv.c:171: multiple definition of `u_mvl_reject_ind'
obj_sositpxs0_ld/reject.o:/home/skt/src/common/mmslite-6.0000/cmd/gnu/../../mvl/usr/reject.c:46: first defined here
collect2: ld returned 1 exit status
STARTING MAKE OF scl_tpxs0_ld EXECUTABLE for LINUX
../../mvl/usr/scl_srvr/scl_srvr.c:149:17: error: vld.h: 没有那个文件或目录
STARTING MAKE OF iecgoose_ld EXECUTABLE for LINUX


                  MMS-EASE Lite Object Foundry
(c) Copyright Systems Integration Specialists Company, Inc.,
                  1998 - 2008, All Rights Reserved
Error, cannot open input file '../../mvl/usr/iecgoose/uca_obj.odf'


Usage:  foundry [-o] [-ccfgFile] [-ttemplateFile] infile[.ext] [outfile]

 Valid Arguments :
	-?   	: List Valid Arguments
	-c   	: Alignment control file
	-t   	: UCA Template Function File
	-o   	: Overwrite target
	-d   	: Debug mode
	-v   	: Create UCA Variable Names & Associations
	-n   	: Extract UCA Variable Names
	-p   	: Print line numbers being processed
	-r   	: Use code to initialize Runtime Type
	-l   	: List all types
	-i   	: Include path
	-x   	: No MMS-Lite Required
	*    	: Object Definition File NameSTARTING MAKE OF gse_mgmt_ld EXECUTABLE for LINUX


                  MMS-EASE Lite Object Foundry
(c) Copyright Systems Integration Specialists Company, Inc.,
                  1998 - 2008, All Rights Reserved

Done
STARTING MAKE OF meml_l.a LIBRARY for LINUX
STARTING MAKE OF meml_n.a LIBRARY for LINUX
STARTING MAKE OF meml_ld.a LIBRARY for LINUX
STARTING MAKE OF meml_nd.a LIBRARY for LINUX
STARTING MAKE OF mem_l.a LIBRARY for LINUX
STARTING MAKE OF mem_n.a LIBRARY for LINUX
STARTING MAKE OF mem_ld.a LIBRARY for LINUX
STARTING MAKE OF mem_nd.a LIBRARY for LINUX
STARTING MAKE OF smem_l.a LIBRARY for LINUX
STARTING MAKE OF smem_n.a LIBRARY for LINUX
STARTING MAKE OF smem_ld.a LIBRARY for LINUX
STARTING MAKE OF smem_nd.a LIBRARY for LINUX
STARTING MAKE OF slog_l.a LIBRARY for LINUX
STARTING MAKE OF slog_n.a LIBRARY for LINUX
STARTING MAKE OF slog_ld.a LIBRARY for LINUX
STARTING MAKE OF slog_nd.a LIBRARY for LINUX
STARTING MAKE OF asn1l_l.a LIBRARY for LINUX
STARTING MAKE OF asn1l_n.a LIBRARY for LINUX
STARTING MAKE OF asn1l_ld.a LIBRARY for LINUX
STARTING MAKE OF asn1l_nd.a LIBRARY for LINUX
STARTING MAKE OF mmsl_l.a LIBRARY for LINUX
STARTING MAKE OF mmsl_n.a LIBRARY for LINUX
STARTING MAKE OF mmsl_ld.a LIBRARY for LINUX
STARTING MAKE OF mmsl_nd.a LIBRARY for LINUX
STARTING MAKE OF mmsle_l.a LIBRARY for LINUX
STARTING MAKE OF mmsle_n.a LIBRARY for LINUX
STARTING MAKE OF mmsle_ld.a LIBRARY for LINUX
STARTING MAKE OF mmsle_nd.a LIBRARY for LINUX
STARTING MAKE OF ositcps_l.a LIBRARY for LINUX
STARTING MAKE OF ositcps_n.a LIBRARY for LINUX
STARTING MAKE OF ositcps_ld.a LIBRARY for LINUX
STARTING MAKE OF ositcps_nd.a LIBRARY for LINUX
STARTING MAKE OF ositpxs_l.a LIBRARY for LINUX
STARTING MAKE OF ositpxs_n.a LIBRARY for LINUX
STARTING MAKE OF ositpxs_ld.a LIBRARY for LINUX
STARTING MAKE OF ositpxs_nd.a LIBRARY for LINUX
STARTING MAKE OF gse_mgmt_l.a LIBRARY for LINUX
STARTING MAKE OF gse_mgmt_n.a LIBRARY for LINUX
STARTING MAKE OF gse_mgmt_ld.a LIBRARY for LINUX
STARTING MAKE OF gse_mgmt_nd.a LIBRARY for LINUX
STARTING MAKE OF smpval_l.a LIBRARY for LINUX
STARTING MAKE OF smpval_n.a LIBRARY for LINUX
STARTING MAKE OF smpval_ld.a LIBRARY for LINUX
STARTING MAKE OF smpval_nd.a LIBRARY for LINUX
STARTING MAKE OF mvl_l.a LIBRARY for LINUX
STARTING MAKE OF mvl_n.a LIBRARY for LINUX
STARTING MAKE OF mvl_ld.a LIBRARY for LINUX
STARTING MAKE OF mvl_nd.a LIBRARY for LINUX
STARTING MAKE OF mvlu_l.a LIBRARY for LINUX
STARTING MAKE OF mvlu_n.a LIBRARY for LINUX
STARTING MAKE OF mvlu_ld.a LIBRARY for LINUX
STARTING MAKE OF mvlu_nd.a LIBRARY for LINUX
STARTING MAKE OF util_l.a LIBRARY for LINUX
STARTING MAKE OF util_n.a LIBRARY for LINUX
STARTING MAKE OF util_ld.a LIBRARY for LINUX
STARTING MAKE OF util_nd.a LIBRARY for LINUX
STARTING MAKE OF mlogl_l.a LIBRARY for LINUX
STARTING MAKE OF mlogl_n.a LIBRARY for LINUX
STARTING MAKE OF mlogl_ld.a LIBRARY for LINUX
STARTING MAKE OF mlogl_nd.a LIBRARY for LINUX
STARTING MAKE OF findalgn_ld EXECUTABLE for LINUX
STARTING MAKE OF foundry_ld EXECUTABLE for LINUX
STARTING MAKE OF mmslog_ld EXECUTABLE for LINUX
STARTING MAKE OF cositcps0_ld EXECUTABLE for LINUX
../../lib/mvlu_ld.a(mvl_serv.o): In function `u_mvl_reject_ind':
/home/skt/src/common/mmslite-6.0000/cmd/gnu/../../mvl/src/mvl_serv.c:171: multiple definition of `u_mvl_reject_ind'
obj_cositcps0_ld/reject.o:/home/skt/src/common/mmslite-6.0000/cmd/gnu/../../mvl/usr/reject.c:46: first defined here
collect2: ld returned 1 exit status
STARTING MAKE OF sositcps0_ld EXECUTABLE for LINUX
../../lib/mvl_ld.a(mvl_serv.o): In function `u_mvl_reject_ind':
/home/skt/src/common/mmslite-6.0000/cmd/gnu/../../mvl/src/mvl_serv.c:171: multiple definition of `u_mvl_reject_ind'
obj_sositcps0_ld/reject.o:/home/skt/src/common/mmslite-6.0000/cmd/gnu/../../mvl/usr/reject.c:46: first defined here
collect2: ld returned 1 exit status
STARTING MAKE OF scl_srvr_ld EXECUTABLE for LINUX
../../mvl/usr/scl_srvr/scl_srvr.c:149:17: error: vld.h: 没有那个文件或目录
STARTING MAKE OF cositpxs0_ld EXECUTABLE for LINUX
../../lib/mvlu_ld.a(mvl_serv.o): In function `u_mvl_reject_ind':
/home/skt/src/common/mmslite-6.0000/cmd/gnu/../../mvl/src/mvl_serv.c:171: multiple definition of `u_mvl_reject_ind'
obj_cositpxs0_ld/reject.o:/home/skt/src/common/mmslite-6.0000/cmd/gnu/../../mvl/usr/reject.c:46: first defined here
collect2: ld returned 1 exit status
STARTING MAKE OF sositpxs0_ld EXECUTABLE for LINUX
../../lib/mvl_ld.a(mvl_serv.o): In function `u_mvl_reject_ind':
/home/skt/src/common/mmslite-6.0000/cmd/gnu/../../mvl/src/mvl_serv.c:171: multiple definition of `u_mvl_reject_ind'
obj_sositpxs0_ld/reject.o:/home/skt/src/common/mmslite-6.0000/cmd/gnu/../../mvl/usr/reject.c:46: first defined here
collect2: ld returned 1 exit status
STARTING MAKE OF scl_tpxs0_ld EXECUTABLE for LINUX
../../mvl/usr/scl_srvr/scl_srvr.c:149:17: error: vld.h: 没有那个文件或目录
STARTING MAKE OF iecgoose_ld EXECUTABLE for LINUX


                  MMS-EASE Lite Object Foundry
(c) Copyright Systems Integration Specialists Company, Inc.,
                  1998 - 2008, All Rights Reserved
Error, cannot open input file '../../mvl/usr/iecgoose/uca_obj.odf'


Usage:  foundry [-o] [-ccfgFile] [-ttemplateFile] infile[.ext] [outfile]

 Valid Arguments :
	-?   	: List Valid Arguments
	-c   	: Alignment control file
	-t   	: UCA Template Function File
	-o   	: Overwrite target
	-d   	: Debug mode
	-v   	: Create UCA Variable Names & Associations
	-n   	: Extract UCA Variable Names
	-p   	: Print line numbers being processed
	-r   	: Use code to initialize Runtime Type
	-l   	: List all types
	-i   	: Include path
	-x   	: No MMS-Lite Required
	*    	: Object Definition File NameSTARTING MAKE OF gse_mgmt_ld EXECUTABLE for LINUX
